<?xml version="1.0" encoding="utf-8"?><testsuites name="pytest tests"><testsuite name="pytest" errors="0" failures="0" skipped="0" tests="14" time="3.759" timestamp="2026-01-12T00:36:45.196638+00:00" hostname="agent-env-e1ad0f87-a8a6-4a5b-8412-0e5c16e22f1c"><testcase classname="tests.test_encryptalk_api.TestHealthAndBasics" name="test_api_reachable" time="0.104" /><testcase classname="tests.test_encryptalk_api.TestAuthentication" name="test_login_admin_success" time="0.288" /><testcase classname="tests.test_encryptalk_api.TestAuthentication" name="test_login_invalid_credentials" time="0.039" /><testcase classname="tests.test_encryptalk_api.TestAuthentication" name="test_login_missing_fields" time="0.042" /><testcase classname="tests.test_encryptalk_api.TestAuthenticatedEndpoints" name="test_get_current_user" time="0.305" /><testcase classname="tests.test_encryptalk_api.TestAuthenticatedEndpoints" name="test_get_users_list" time="0.302" /><testcase classname="tests.test_encryptalk_api.TestAuthenticatedEndpoints" name="test_get_conversations" time="0.305" /><testcase classname="tests.test_encryptalk_api.TestAuthenticatedEndpoints" name="test_logout" time="0.301" /><testcase classname="tests.test_encryptalk_api.TestConversationAndMessages" name="test_create_conversation_and_send_message" time="0.419" /><testcase classname="tests.test_encryptalk_api.TestConversationAndMessages" name="test_message_encryption_in_db" time="0.336" /><testcase classname="tests.test_encryptalk_api.TestAdminFeatures" name="test_admin_metadata" time="0.311" /><testcase classname="tests.test_encryptalk_api.TestAdminFeatures" name="test_nas_files_access" time="0.302" /><testcase classname="tests.test_encryptalk_api.TestCallFeatures" name="test_check_pending_calls" time="0.336" /><testcase classname="tests.test_encryptalk_api.TestStickers" name="test_get_stickers" time="0.302" /></testsuite></testsuites>